Determining if the pthread_create exist failed with the following output:
Change Dir: /home/serendipita/Documents/ComputerNetworkCpp/build/CMakeFiles/CMakeTmp

Run Build Command:"/usr/bin/make" "cmTC_179fe/fast"
/usr/bin/make -f CMakeFiles/cmTC_179fe.dir/build.make CMakeFiles/cmTC_179fe.dir/build
make[1]: Entering directory '/home/serendipita/Documents/ComputerNetworkCpp/build/CMakeFiles/CMakeTmp'
Building C object CMakeFiles/cmTC_179fe.dir/CheckSymbolExists.c.o
/usr/bin/cc    -o CMakeFiles/cmTC_179fe.dir/CheckSymbolExists.c.o   -c /home/serendipita/Documents/ComputerNetworkCpp/build/CMakeFiles/CMakeTmp/CheckSymbolExists.c
Linking C executable cmTC_179fe
/usr/bin/cmake -E cmake_link_script CMakeFiles/cmTC_179fe.dir/link.txt --verbose=1
/usr/bin/cc      -rdynamic CMakeFiles/cmTC_179fe.dir/CheckSymbolExists.c.o  -o cmTC_179fe 
CMakeFiles/cmTC_179fe.dir/CheckSymbolExists.c.o: In function `main':
CheckSymbolExists.c:(.text+0x1b): undefined reference to `pthread_create'
collect2: error: ld returned 1 exit status
CMakeFiles/cmTC_179fe.dir/build.make:97: recipe for target 'cmTC_179fe' failed
make[1]: *** [cmTC_179fe] Error 1
make[1]: Leaving directory '/home/serendipita/Documents/ComputerNetworkCpp/build/CMakeFiles/CMakeTmp'
Makefile:126: recipe for target 'cmTC_179fe/fast' failed
make: *** [cmTC_179fe/fast] Error 2

File /home/serendipita/Documents/ComputerNetworkCpp/build/CMakeFiles/CMakeTmp/CheckSymbolExists.c:
/* */
#include <pthread.h>

int main(int argc, char** argv)
{
  (void)argv;
#ifndef pthread_create
  return ((int*)(&pthread_create))[argc];
#else
  (void)argc;
  return 0;
#endif
}

Determining if the function pthread_create exists in the pthreads failed with the following output:
Change Dir: /home/serendipita/Documents/ComputerNetworkCpp/build/CMakeFiles/CMakeTmp

Run Build Command:"/usr/bin/make" "cmTC_dd653/fast"
/usr/bin/make -f CMakeFiles/cmTC_dd653.dir/build.make CMakeFiles/cmTC_dd653.dir/build
make[1]: Entering directory '/home/serendipita/Documents/ComputerNetworkCpp/build/CMakeFiles/CMakeTmp'
Building C object CMakeFiles/cmTC_dd653.dir/CheckFunctionExists.c.o
/usr/bin/cc   -DCHECK_FUNCTION_EXISTS=pthread_create   -o CMakeFiles/cmTC_dd653.dir/CheckFunctionExists.c.o   -c /usr/share/cmake-3.10/Modules/CheckFunctionExists.c
Linking C executable cmTC_dd653
/usr/bin/cmake -E cmake_link_script CMakeFiles/cmTC_dd653.dir/link.txt --verbose=1
/usr/bin/cc  -DCHECK_FUNCTION_EXISTS=pthread_create    -rdynamic CMakeFiles/cmTC_dd653.dir/CheckFunctionExists.c.o  -o cmTC_dd653 -lpthreads 
/usr/bin/ld: cannot find -lpthreads
collect2: error: ld returned 1 exit status
CMakeFiles/cmTC_dd653.dir/build.make:97: recipe for target 'cmTC_dd653' failed
make[1]: *** [cmTC_dd653] Error 1
make[1]: Leaving directory '/home/serendipita/Documents/ComputerNetworkCpp/build/CMakeFiles/CMakeTmp'
Makefile:126: recipe for target 'cmTC_dd653/fast' failed
make: *** [cmTC_dd653/fast] Error 2


